2024-02-23 02:14:34,333 - 
   Имя файла: hw1
   Расширение файла: .py
   Директория?: False
   Родительская директория: C:\Users\Al\Desktop\GB\Python\Pogruzh_in_Python\Project_P_U\DZ\DZ14
2024-02-23 02:14:34,333 - 
   Имя файла: hw2
   Расширение файла: .py
   Директория?: False
   Родительская директория: C:\Users\Al\Desktop\GB\Python\Pogruzh_in_Python\Project_P_U\DZ\DZ14
2024-02-23 02:14:34,333 - 
   Имя файла: hw3
   Расширение файла: .py
   Директория?: False
   Родительская директория: C:\Users\Al\Desktop\GB\Python\Pogruzh_in_Python\Project_P_U\DZ\DZ14
2024-02-23 02:14:34,333 - 
   Имя файла: hw4
   Расширение файла: .py
   Директория?: False
   Родительская директория: C:\Users\Al\Desktop\GB\Python\Pogruzh_in_Python\Project_P_U\DZ\DZ14
2024-02-23 02:14:34,333 - 
   Имя файла: hw5
   Расширение файла: .py
   Директория?: False
   Родительская директория: C:\Users\Al\Desktop\GB\Python\Pogruzh_in_Python\Project_P_U\DZ\DZ14
2024-02-23 02:14:34,333 - 
   Имя файла: hw6
   Расширение файла: .py
   Директория?: False
   Родительская директория: C:\Users\Al\Desktop\GB\Python\Pogruzh_in_Python\Project_P_U\DZ\DZ14
